make.exe all --print-data-base --no-builtin-variables --no-builtin-rules --question
make: *** No rule to make target 'all'.  Stop.

# GNU Make 4.3
# Built for Windows32
# Copyright (C) 1988-2020 Free Software Foundation, Inc.
# License GPLv3+: GNU GPL version 3 or later <http://gnu.org/licenses/gpl.html>
# This is free software: you are free to change and redistribute it.
# There is NO WARRANTY, to the extent permitted by law.

# Make data base, printed on Thu May 26 14:19:29 2022

# Variables

# environment
FPS_BROWSER_APP_PROFILE_STRING = Internet Explorer
# environment
SYSTEMDRIVE = C:
# environment
LC_ALL = C
# environment
_MSYS2_BASH = C:\tools\msys64\usr\bin\bash.exe
# environment
USERPROFILE = C:\Users\kubas
# environment
LOCALAPPDATA = C:\Users\kubas\AppData\Local
# environment
VSCODE_IPC_HOOK_EXTHOST = \\.\pipe\vscode-ipc-301eb5cb-22ee-4a5c-b14e-70d8cdf7bfc6-sock
# makefile (from 'Makefile', line 5)
CFILES := main.c test.c
# environment
VSCODE_CWD = X:\Files\Programming\C\SLang
# environment
CHOCOLATEYINSTALL = C:\ProgramData\chocolatey
# environment
SYSTEMROOT = C:\WINDOWS
# environment
PROCESSOR_LEVEL = 23
# environment
PSMODULEPATH = C:\Program Files\WindowsPowerShell\Modules;C:\WINDOWS\system32\WindowsPowerShell\v1.0\Modules
# default
MAKE_COMMAND := C:/ProgramData/chocolatey/lib/make/tools/install/bin/make.exe
# automatic
@D = $(patsubst %/,%,$(patsubst %\,%,$(dir $@)))
# environment
PICS = X:\Files\Pictures
# environment
CHROME_CRASHPAD_PIPE_NAME = \\.\pipe\crashpad_20760_LNVBICRERWDASCQD
# environment
FPS_BROWSER_USER_PROFILE_STRING = Default
# environment
VSCODE_HANDLES_UNCAUGHT_ERRORS = true
# default
.VARIABLES := 
# automatic
%D = $(patsubst %/,%,$(patsubst %\,%,$(dir $%)))
# automatic
^D = $(patsubst %/,%,$(patsubst %\,%,$(dir $^)))
# environment
VSCODE_LOG_STACK = false
# automatic
%F = $(notdir $%)
# environment
VSCODE_CODE_CACHE_PATH = C:\Users\kubas\AppData\Roaming\Code\CachedData\c3511e6c69bb39013c4a4b7b9566ec1ca73fc4d5
# environment
LANG = C
# default
.LOADED := 
# environment
TMP = C:\Users\kubas\AppData\Local\Temp
# default
.INCLUDE_DIRS = .
# environment
PROCESSOR_ARCHITEW6432 = AMD64
# makefile
MAKEFLAGS = pqrR
# environment
ONEDRIVE = C:\Users\kubas\OneDrive
# environment
POWERSHELL_DISTRIBUTION_CHANNEL = MSI:Windows 10 Pro
# makefile
CURDIR := x:/Files/Programming/C/SLang
# environment
VSCODE_PIPE_LOGGING = true
# environment
APPLICATION_INSIGHTS_NO_DIAGNOSTIC_CHANNEL = 1
# automatic
*D = $(patsubst %/,%,$(patsubst %\,%,$(dir $*)))
# environment
PROGRAMFILES = C:\Program Files (x86)
# environment
MFLAGS = -pqrR
# default
.SHELLFLAGS := -c
# environment
COMMONPROGRAMW6432 = C:\Program Files\Common Files
# automatic
+D = $(patsubst %/,%,$(patsubst %\,%,$(dir $+)))
# environment
FILMS = X:\Files\Filmy
# makefile (from 'Makefile', line 1)
MAKEFILE_LIST := Makefile
# automatic
@F = $(notdir $@)
# environment
VSCODE_VERBOSE_LOGGING = true
# environment
VSCODE_PID = 20760
# environment
DOWN = X:\Files\Downloads
# automatic
?D = $(patsubst %/,%,$(patsubst %\,%,$(dir $?)))
# automatic
*F = $(notdir $*)
# environment
PRINTQ = X:\Files\Print Queue
# automatic
<D = $(patsubst %/,%,$(patsubst %\,%,$(dir $<)))
# environment
VSCODE_NLS_CONFIG = {"locale":"en-us","availableLanguages":{},"_languagePackSupport":true}
# environment
ONEDRIVECONSUMER = C:\Users\kubas\OneDrive
# default
MAKE_HOST := Windows32
# makefile (from 'Makefile', line 6)
OBJS :=  obj/main.o  obj/test.o
# environment
PROGRAMDATA = C:\ProgramData
# default
SHELL := sh.exe
# environment
HOMEPATH = \Users\kubas
# default
MAKECMDGOALS := all
# environment
SCHOOL = X:\Files\School
# environment
DRIVERDATA = C:\Windows\System32\Drivers\DriverData
# environment
COMSPEC = C:\WINDOWS\system32\cmd.exe
# environment
WINDIR = C:\WINDOWS
# environment
MAKELEVEL := 0
# default
MAKE = $(MAKE_COMMAND)
# environment
PATH = C:\Program Files\Common Files\Oracle\Java\javapath;C:\Program Files (x86)\Common Files\Oracle\Java\javapath;C:\Program Files (x86)\Razer Chroma SDK\bin;C:\Program Files\Razer Chroma SDK\bin;C:\Program Files (x86)\Razer\ChromaBroadcast\bin;C:\Program Files\Razer\ChromaBroadcast\bin;C:\Program Files\J902\bin\;C:\Program Files\Java\jdk-11.0.7\bin;C:\Program Files (x86)\NVIDIA Corporation\PhysX\Common;C:\WINDOWS\system32;C:\WINDOWS;C:\WINDOWS\System32\Wbem;C:\WINDOWS\System32\WindowsPowerShell\v1.0\;C:\WINDOWS\System32\OpenSSH\;C:\Program Files\Microsoft SQL Server\130\Tools\Binn\;X:\Files\PATH\MemeCutter\;C:\Program Files (x86)\Vim\vim82;C:\Program Files (x86)\Windows Kits\10\Windows Performance Toolkit\;C:\WINDOWS\system32\config\systemprofile\AppData\Local\Microsoft\WindowsApps;C:\Program Files\dotnet\;C:\ProgramData\chocolatey\bin;C:\Program Files\Microsoft SQL Server\Client SDK\ODBC\170\Tools\Binn\;C:\Program Files\CodeBlocks\MinGW\bin;X:\Files\Programming\C#\Eval\Eval\bin\Release\net5.0;X:\Files\Programming\C#\Wavg\Wavg\bin\Release\net5.0;X:\Files\Programming\C#\CalT\CalT\bin\Release\net5.0;X:\Files\Programming\C#\Table\Table\bin\Release\net5.0;C:\WINDOWS\system32;C:\WINDOWS;C:\WINDOWS\System32\Wbem;C:\WINDOWS\System32\WindowsPowerShell\v1.0\;C:\WINDOWS\System32\OpenSSH\;C:\Program Files\Microsoft SQL Server\150\Tools\Binn\;X:\Files\Programming\C#\MProc\MProc\bin\Release\net6.0;C:\Program Files\OpenSSL-Win64\bin;C:\Program Files\Git\cmd;X:\Program Files\Racket;C:\Program Files\nodejs\;C:\Program Files\PowerShell\7\;C:\Users\kubas\AppData\Local\Programs\Python\Python310\Scripts\;C:\Users\kubas\AppData\Local\Programs\Python\Python310\;C:\Users\kubas\.cargo\bin;C:\Users\kubas\AppData\Local\Programs\Python\Python39\Scripts\;C:\Users\kubas\AppData\Local\Programs\Python\Python39\;C:\Users\kubas\AppData\Local\Programs\Python\Python38\Scripts\;C:\Users\kubas\AppData\Local\Programs\Python\Python38\;C:\Users\kubas\AppData\Local\Microsoft\WindowsApps;C:\MinGW\bin;X:\Files\Programming\C#\-Fin\DayMan (fin)\DayMan\DayMan\bin\Release\net6.0;X:\Files\Programming\C#\-Fin\Primes (fin)\Primes\bin\Release\netcoreapp3.1;X:\Files\Programming\C++\Sum\x64\Release;C:\Users\kubas\.dotnet\tools;C:\Users\kubas\AppData\Roaming\cabal\bin;C:\tools\ghc-9.0.1\bin;C:\Tools\ghc-8.10.4\bin;C:\tools\msys64;C:\Users\kubas\source\repos\Loopover\Loopover\bin\Release\net5.0;C:\Users\kubas\.dotnet\tools;C:\Users\kubas\AppData\Local\Programs\Microsoft VS Code\bin;C:\Users\kubas\AppData\Local\Microsoft\WindowsApps;C:\tools\ghc-9.2.1\bin;X:\Files\Programming\C#\YTMusic\YTMusic\bin\Release\net6.0;X:\Files\Programming\C#\RexName\RexName\bin\Release\net6.0;X:\Files\Programming\C#\Loopover\Loopover\bin\Release\net6.0;C:\texlive\2021\bin\win32;X:\Files\Programming\C#\Fsizes\Fsizes\bin\Release\net6.0;C:\Users\kubas\AppData\Roaming\npm
# environment
COMPUTERNAME = PCTONDA
# default
MAKEFILES := 
# automatic
^F = $(notdir $^)
# environment
_MSYS2_PREFIX = x86_64
# environment
PROMPT = $P$G
# environment
CHOCOLATEYLASTPATHUPDATE = 132823330574245466
# environment
LOGONSERVER = \\PCTONDA
# environment
XTEST = X:\Files\xTest
# environment
VSCODE_LOG_NATIVE = false
# environment
USERNAME = kubas
# environment
COMMONPROGRAMFILES = C:\Program Files (x86)\Common Files
# automatic
?F = $(notdir $?)
# environment
PROGRAMW6432 = C:\Program Files
# makefile (from 'Makefile', line 2)
NAME := SLang
# environment
PATHEXT = .COM;.EXE;.BAT;.CMD;.VBS;.VBE;.JS;.JSE;.WSF;.WSH;.MSC
# environment
PROG = X:\Files\Programming
# automatic
+F = $(notdir $+)
# environment
ORIGINAL_XDG_CURRENT_DESKTOP = undefined
# environment
USERDOMAIN = PCTONDA
# 'override' directive
GNUMAKEFLAGS := 
# environment
OS = Windows_NT
# environment
AMDRMSDKPATH = C:\Program Files\AMD\RyzenMasterSDK\
# makefile
.DEFAULT_GOAL := debug
# environment
EDITOR = "C:\Program Files (x86)\Vim\vim82\vim.exe"
# default
MAKE_VERSION := 4.3
# environment
CTEST = C:\Users\kubas\ctest
# environment
PROGRAMFILES(X86) = C:\Program Files (x86)
# environment
CAPS = X:\Files\Captures
# environment
USERDOMAIN_ROAMINGPROFILE = PCTONDA
# environment
NUMBER_OF_PROCESSORS = 12
# environment
PUBLIC = C:\Users\Public
# environment
APPDATA = C:\Users\kubas\AppData\Roaming
# makefile (from 'Makefile', line 4)
CFLAGS := -Wall -std=c17 -g
# environment
HOMEDRIVE = C:
# environment
PROCESSOR_ARCHITECTURE = x86
# environment
VSCODE_AMD_ENTRYPOINT = vs/workbench/api/node/extensionHostProcess
# makefile (from 'Makefile', line 3)
FILE := bin/SLang.exe
# environment
COMMONPROGRAMFILES(X86) = C:\Program Files (x86)\Common Files
# environment
ELECTRON_RUN_AS_NODE = 1
# environment
TEMP = C:\Users\kubas\AppData\Local\Temp
# environment
VSCODE_IPC_HOOK = \\.\pipe\fbdf9cf1f4268a06f607ea6a964f4a1f-1.67.2-main-s 
ock
# default
.RECIPEPREFIX := 
# automatic
<F = $(notdir $<)
# environment
STARTAPPS = C:\Users\kubas\AppData\Roaming\Microsoft\Windows\Start Menu\Programs
# default
SUFFIXES := 
# environment
ALLUSERSPROFILE = C:\ProgramData
# environment
SESSIONNAME = Console
# environment
RUN = X:\Files\RunPath
# default
.FEATURES := target-specific order-only second-expansion else-if shortest-stem undefine oneshell nocomment grouped-target extra-prereqs archives jobserver output-sync load
# environment
PROCESSOR_REVISION = 7100
# makefile (from 'Makefile', line 1)
CC := gcc
# environment
CHOCOLATEYTOOLSLOCATION = C:\tools
# environment
PROCESSOR_IDENTIFIER = AMD64 Family 23 Model 113 Stepping 0, AuthenticAMD
# variable set hash-table stats:
# Load=120/1024=12%, Rehash=0, Collisions=19/152=12%

# Pattern-specific Variable Values

# No pattern-specific variable values.

# Directories

# . (key x:/Files/Programming/C/SLang, mtime 1653559378): 10 files, no impossibilities.

# 10 files, no impossibilities in 1 directories.

# Implicit Rules

# No implicit rules.

# Files

obj/main.o: main.c test.c
#  Implicit rule search has not been done.
#  Modification time never checked.
#  File has not been updated.
#  recipe to execute (from 'Makefile', line 15):
	$(CC) -c $(CFLAGS) $(patsubst obj/%.o, %.c, $@) -o $@

debug: obj/main.o obj/test.o
#  Implicit rule search has not been done.
#  Modification time never checked.
#  File has not been updated.
#  recipe to execute (from 'Makefile', line 9):
	$(CC) $(OBJS) -o $(FILE)

# Not a target:
Makefile:
#  Implicit rule search has been done.
#  Last modified 2022-05-26 12:54:51
#  File has been updated.
#  Successfully updated.

clean:
#  Implicit rule search has not been done.
#  Modification time never checked.
#  File has not been updated.
#  recipe to execute (from 'Makefile', line 21):
	del $(patsubst obj/%, obj\\%, $(OBJS))

# Not a target:
test.c:
#  Implicit rule search has not been done.
#  Modification time never checked.
#  File has not been updated.

# Not a target:
.DEFAULT:
#  Implicit rule search has not been done.
#  Modification time never checked.
#  File has not been updated.

# Not a target:
all:
#  Command line target.
#  Implicit rule search has been done.
#  File does not exist.
#  File has not been updated.

run: debug
#  Implicit rule search has not been done.
#  Modification time never checked.
#  File has not been updated.
#  recipe to execute (from 'Makefile', line 18):
	./$(FILE)

# Not a target:
main.c:
#  Implicit rule search has not been done.
#  Modification time never checked.
#  File has not been updated.

obj/test.o: main.c test.c
#  Implicit rule search has not been done.
#  Modification time never checked.
#  File has not been updated.
#  recipe to execute (from 'Makefile', line 15):
	$(CC) -c $(CFLAGS) $(patsubst obj/%.o, %.c, $@) -o $@

release:
#  Implicit rule search has not been done.
#  Modification time never checked.
#  File has not been updated.
#  recipe to execute (from 'Makefile', line 12):
	$(CC) $(CFLAGS) $(CFILES) -O3 -o bin/release/$(NAME).exe

# files hash-table stats:
# Load=12/1024=1%, Rehash=0, Collisions=0/29=0%
# VPATH Search Paths

# No 'vpath' search paths.

# No general ('VPATH' variable) search path.

# strcache buffers: 1 (0) / strings = 19 / storage = 125 B / avg = 6 B
# current buf: size = 8174 B / used = 125 B / count = 19 / avg = 6 B

# strcache performance: lookups = 34 / hit rate = 44%
# hash-table stats:
# Load=19/8192=0%, Rehash=0, Collisions=0/34=0%
# Finished Make data base on Thu May 26 14:19:29 2022

 
